F:\ProgramTest\Processing\jananid_2\Simon_DRW-213645-0.dwg,Model,5/16/2019 10:21:32 AM,jananid,DWG To PDF.pc3,ANSI full bleed E (34.00 x 44.00 Inches),1:1.0019,
F:\ProgramTest\Processing\jananid_6\Simon_DRW-213645-0.dwg,Model,5/16/2019 11:07:16 AM,jananid,DWG To PDF.pc3,ANSI full bleed E (34.00 x 44.00 Inches),1:1.00196,
F:\ProgramTest\Processing\jananid_7\Simon_DRW-213645-0.dwg,Model,5/16/2019 11:12:33 AM,jananid,DWG To PDF.pc3,ANSI full bleed E (34.00 x 44.00 Inches),1:1.00196,
F:\ProgramTest\Processing\jananid_9\Simon_DRW-213645-0.dwg,Model,5/16/2019 11:24:02 AM,jananid,DWG To PDF.pc3,ANSI full bleed D (34.00 x 22.00 Inches),1:2.0059,
F:\ProgramTest\Processing\jananid_10\Simon_DRW-213645-0.dwg,Model,5/16/2019 11:29:02 AM,jananid,DWG To PDF.pc3,ANSI full bleed D (22.00 x 34.00 Inches),1:1.55005,
F:\ProgramTest\Processing\jananid_11\Simon_DRW-213645-0.dwg,Model,5/16/2019 11:30:29 AM,jananid,DWG To PDF.pc3,ANSI full bleed D (22.00 x 34.00 Inches),1:1.55005,
F:\ProgramTest\Processing\jananid_1\513452-1.dwg,Layout,5/17/2019 10:13:53 AM,jananid,DWG To PDF.pc3,ANSI full bleed D (22.00 x 34.00 Inches),1:2.00589,
F:\ProgramTest\Processing\jananid_1\Simon_DRW-213645-0.dwg,Model,5/17/2019 10:14:01 AM,jananid,DWG To PDF.pc3,ANSI full bleed D (22.00 x 34.00 Inches),1:2.00584,
F:\ProgramTest\Processing\jananid_2\513452-1.dwg,Layout,5/17/2019 10:15:53 AM,jananid,DWG To PDF.pc3,ANSI full bleed D (22.00 x 34.00 Inches),1:2.00589,
F:\ProgramTest\Processing\jananid_2\Simon_DRW-213645-0.dwg,Model,5/17/2019 10:16:00 AM,jananid,DWG To PDF.pc3,ANSI full bleed D (22.00 x 34.00 Inches),1:2.00584,
F:\ProgramTest\Processing\jananid_3\Simon_DRW-213645-0.dwg,Model,5/17/2019 10:18:46 AM,jananid,DWG To PDF.pc3,ANSI full bleed D (22.00 x 34.00 Inches),1:2.00584,
F:\ProgramTest\Processing\jananid_4\Simon_DRW-213645-0.dwg,Model,5/17/2019 10:21:01 AM,jananid,DWG To PDF.pc3,ANSI full bleed D (22.00 x 34.00 Inches),1:2.00584,
F:\ProgramTest\Processing\jananid_5\Simon_DRW-213645-0 - Copy.dwg,Model,5/17/2019 10:22:06 AM,jananid,DWG To PDF.pc3,ANSI full bleed D (22.00 x 34.00 Inches),1:2.00584,
F:\ProgramTest\Processing\jananid_5\Simon_DRW-213645-0.dwg,Model,5/17/2019 10:22:14 AM,jananid,DWG To PDF.pc3,ANSI full bleed D (22.00 x 34.00 Inches),1:2.00584,
F:\ProgramTest\Processing\jananid_6\Simon_DRW-213645-0 - Copy.dwg,Model,5/17/2019 10:23:16 AM,jananid,DWG To PDF.pc3,ANSI full bleed D (22.00 x 34.00 Inches),1:2.00584,
F:\ProgramTest\Processing\jananid_6\Simon_DRW-213645-0.dwg,Model,5/17/2019 10:23:25 AM,jananid,DWG To PDF.pc3,ANSI full bleed D (22.00 x 34.00 Inches),1:2.00584,
F:\ProgramTest\Processing\jananid_7\Simon_DRW-213645-0 - Copy.dwg,Model,5/17/2019 10:31:57 AM,jananid,DWG To PDF.pc3,ANSI full bleed D (22.00 x 34.00 Inches),1:2.00584,
F:\ProgramTest\Processing\jananid_7\Simon_DRW-213645-0.dwg,Model,5/17/2019 10:32:05 AM,jananid,DWG To PDF.pc3,ANSI full bleed D (22.00 x 34.00 Inches),1:2.00584,
F:\ProgramTest\Processing\jananid_11\Simon_DRW-213645-0 - Copy.dwg,Model,5/17/2019 11:28:07 AM,jananid,\\cengps3\IRVPLT0659BKIP,34x44in.,1:1.00979,
F:\ProgramTest\Processing\jananid_11\Simon_DRW-213645-0.dwg,Model,5/17/2019 11:28:15 AM,jananid,\\cengps3\IRVPLT0659BKIP,34x44in.,1:1.00979,
F:\ProgramTest\Processing\jananid_12\Simon_DRW-213645-0 - Copy.dwg,Model,5/17/2019 3:13:14 PM,jananid,\\cengps3\IRVPLT0659BKIP,34x44in.,1:1.00979,
F:\ProgramTest\Processing\jananid_12\Simon_DRW-213645-0.dwg,Model,5/17/2019 3:13:24 PM,jananid,\\cengps3\IRVPLT0659BKIP,34x44in.,1:1.00979,
F:\ProgramTest\Processing\jananid_13\Simon_DRW-213645-0 - Copy.dwg,Model,5/17/2019 3:25:09 PM,jananid,\\cengps3\IRVPLT0659BKIP,34x44in.,1:1.00979,
F:\ProgramTest\Processing\jananid_13\Simon_DRW-213645-0.dwg,Model,5/17/2019 3:25:17 PM,jananid,\\cengps3\IRVPLT0659BKIP,34x44in.,1:1.00979,
F:\ProgramTest\Processing\jananid_16\Simon_DRW-213645-0 - Copy.dwg,Model,5/17/2019 3:35:24 PM,jananid,\\cengps3\IRVPLT0659BKIP,34x44in.,1:1.00979,
F:\ProgramTest\Processing\jananid_16\Simon_DRW-213645-0.dwg,Model,5/17/2019 3:35:36 PM,jananid,\\cengps3\IRVPLT0659BKIP,34x44in.,1:1.00979,
F:\ProgramTest\Processing\jananid_17\Simon_DRW-213645-0.dwg,Model,5/17/2019 3:40:26 PM,jananid,\\cengps3\IRVPLT0659BKIP,34x44in.,1:1.00979,
F:\ProgramTest\Processing\jananid_18\Simon_DRW-213645-0.dwg,Model,5/17/2019 3:43:53 PM,jananid,DWG To PDF.pc3,ANSI full bleed D (22.00 x 34.00 Inches),1:2.00584,
F:\ProgramTest\Processing\jananid_1\Physical\513430.dwg,Layout1,5/31/2019 9:25:21 AM,jananid,DWG To PDF.pc3,ANSI full bleed E (34.00 x 44.00 Inches),1:1.00189,
F:\ProgramTest\Processing\jananid_1\Physical\515536.dwg,Layout1,5/31/2019 9:25:28 AM,jananid,irvplt0637xrx.pc3,ANSI E (44.00 x 34.00 Inches),1:1.03229,
F:\ProgramTest\Processing\jananid_1\Physical\605158.dwg,Model,5/31/2019 9:25:38 AM,jananid,DWG To PDF.pc3,ANSI full bleed D (22.00 x 34.00 Inches),1:2.00594,
F:\ProgramTest\Processing\jananid_1\Physical\DRW-161324-0.dwg,Layout1,5/31/2019 9:25:45 AM,jananid,\\cengps3\IRVPLT0659BKIP,34x44in.,1:1.00758,
F:\ProgramTest\Processing\jananid_1\Physical\DRW-258059-0.dwg,Layout1,5/31/2019 9:26:59 AM,jananid,Adobe PDF,ANSI E,1:1.00742,
F:\ProgramTest\Processing\jananid_1\Physical\IC-258059.dwg,Layout1,5/31/2019 9:27:09 AM,jananid,Adobe PDF,ANSI E,1:1.0075,
F:\ProgramTest\Processing\jananid_1\Wiring\2016MB002311.dwg,Model,5/31/2019 9:27:14 AM,jananid,DWG To PDF.pc3,ANSI full bleed D (22.00 x 34.00 Inches),1:2.00595,
F:\ProgramTest\Processing\jananid_1\Wiring\2016MB002315.dwg,Model,5/31/2019 9:27:18 AM,jananid,DWG To PDF.pc3,ANSI full bleed D (22.00 x 34.00 Inches),1:2.00591,
F:\ProgramTest\Processing\jananid_1\Wiring\2016MB002324.dwg,Model,5/31/2019 9:27:23 AM,jananid,DWG To PDF.pc3,ANSI full bleed D (22.00 x 34.00 Inches),1:2.00582,
F:\ProgramTest\Processing\jananid_1\Wiring\2016MB002329.dwg,Model,5/31/2019 9:27:28 AM,jananid,DWG To PDF.pc3,ANSI full bleed D (22.00 x 34.00 Inches),1:2.00585,
F:\ProgramTest\Processing\jananid_1\Wiring\509390.dwg,Model,5/31/2019 9:27:33 AM,jananid,DWG To PDF.pc3,ANSI full bleed D (22.00 x 34.00 Inches),1:2.00589,
F:\ProgramTest\Processing\jananid_1\Wiring\513430.dwg,Layout1,5/31/2019 9:28:02 AM,jananid,DWG To PDF.pc3,ANSI full bleed E (34.00 x 44.00 Inches),1:1.00189,
F:\ProgramTest\Processing\jananid_1\Wiring\514746.dwg,Model,5/31/2019 9:28:10 AM,jananid,DWG To PDF.pc3,ANSI full bleed D (22.00 x 34.00 Inches),1:2.00609,
F:\ProgramTest\Processing\jananid_1\Wiring\514747.dwg,Model,5/31/2019 9:28:14 AM,jananid,DWG To PDF.pc3,ANSI full bleed D (22.00 x 34.00 Inches),1:2.00584,
F:\ProgramTest\Processing\jananid_1\Wiring\515406.dwg,Model,5/31/2019 9:28:20 AM,jananid,DWG To PDF.pc3,ANSI full bleed D (22.00 x 34.00 Inches),1:2.00587,
F:\ProgramTest\Processing\jananid_1\Wiring\515536.dwg,Layout1,5/31/2019 9:28:24 AM,jananid,irvplt0637xrx.pc3,ANSI E (44.00 x 34.00 Inches),1:1.03229,
F:\ProgramTest\Processing\jananid_1\Wiring\516076.dwg,Model,5/31/2019 9:28:30 AM,jananid,DWG To PDF.pc3,ANSI full bleed D (22.00 x 34.00 Inches),1:2.00636,
F:\ProgramTest\Processing\jananid_1\Wiring\DRW-161324-0.dwg,Layout1,5/31/2019 9:28:38 AM,jananid,\\cengps3\IRVPLT0659BKIP,34x44in.,1:1.00758,
F:\ProgramTest\Processing\jananid_1\Wiring\DRW-213810-0.dwg,Model,5/31/2019 9:30:27 AM,jananid,DWG To PDF.pc3,ANSI full bleed D (22.00 x 34.00 Inches),1:2.00585,
F:\ProgramTest\Processing\jananid_1\Wiring\DRW-213815-0.dwg,Model,5/31/2019 9:30:31 AM,jananid,DWG To PDF.pc3,ANSI full bleed D (22.00 x 34.00 Inches),1:2.0058,
F:\ProgramTest\Processing\jananid_1\Wiring\DRW-213816-0.dwg,Model,5/31/2019 9:30:34 AM,jananid,DWG To PDF.pc3,ANSI full bleed D (22.00 x 34.00 Inches),1:2.04184,
F:\ProgramTest\Processing\jananid_1\Wiring\DRW-213818-0.dwg,Model,5/31/2019 9:30:39 AM,jananid,DWG To PDF.pc3,ANSI full bleed D (22.00 x 34.00 Inches),1:2.01084,
F:\ProgramTest\Processing\jananid_1\Wiring\DRW-213819-0.dwg,Model,5/31/2019 9:30:44 AM,jananid,DWG To PDF.pc3,ANSI full bleed D (22.00 x 34.00 Inches),1:2.00585,
F:\ProgramTest\Processing\jananid_1\Wiring\DRW-213828-0.dwg,Model,5/31/2019 9:30:52 AM,jananid,DWG To PDF.pc3,ANSI full bleed D (22.00 x 34.00 Inches),1:2.0263,
F:\ProgramTest\Processing\jananid_1\Wiring\DRW-213829-0.dwg,Model,5/31/2019 9:30:58 AM,jananid,DWG To PDF.pc3,ANSI full bleed D (22.00 x 34.00 Inches),1:2.01616,
F:\ProgramTest\Processing\jananid_1\Wiring\DRW-213832-0.dwg,Layout1,5/31/2019 9:31:05 AM,jananid,\\cengps3\IRVPLT0659BKIP,34x44in.,1:1.00982,
F:\ProgramTest\Processing\jananid_1\Wiring\DRW-213835-0.dwg,Model,5/31/2019 9:31:49 AM,jananid,DWG To PDF.pc3,ANSI full bleed D (22.00 x 34.00 Inches),1:2.00707,
F:\ProgramTest\Processing\jananid_1\Wiring\DRW-213836-0.dwg,Model,5/31/2019 9:31:54 AM,jananid,DWG To PDF.pc3,ANSI full bleed D (22.00 x 34.00 Inches),1:2.03954,
F:\ProgramTest\Processing\jananid_1\Wiring\DRW-241083-0.dwg,Model,5/31/2019 9:31:59 AM,jananid,DWG To PDF.pc3,ANSI full bleed D (22.00 x 34.00 Inches),1:1.54993,
F:\ProgramTest\Processing\jananid_1\Wiring\DRW-241969-0.dwg,Model,5/31/2019 9:32:05 AM,jananid,DWG To PDF.pc3,ANSI full bleed D (22.00 x 34.00 Inches),1:2.0061,
F:\ProgramTest\Processing\jananid_1\Wiring\DRW-258059-0.dwg,Layout1,5/31/2019 9:32:10 AM,jananid,Adobe PDF,ANSI E,1:1.00742,
F:\ProgramTest\Processing\jananid_1\Wiring\DRW-262236-0.dwg,Model,5/31/2019 9:32:17 AM,jananid,DWG To PDF.pc3,ANSI full bleed D (22.00 x 34.00 Inches),1:2.00582,
F:\ProgramTest\Processing\jananid_1\Wiring\DRW-262237-0.dwg,Model,5/31/2019 9:32:23 AM,jananid,DWG To PDF.pc3,ANSI full bleed D (22.00 x 34.00 Inches),1:1.55027,
F:\ProgramTest\Processing\jananid_1\Wiring\DRW-262238-0.dwg,Model,5/31/2019 9:32:27 AM,jananid,DWG To PDF.pc3,ANSI full bleed D (22.00 x 34.00 Inches),1:1.55,
F:\ProgramTest\Processing\jananid_1\Wiring\DRW-262252-0.dwg,Model,5/31/2019 9:32:31 AM,jananid,DWG To PDF.pc3,ANSI full bleed D (22.00 x 34.00 Inches),1:1.54995,
F:\ProgramTest\Processing\jananid_1\Wiring\DRW-349064-0.dwg,Model,5/31/2019 9:32:36 AM,jananid,DWG To PDF.pc3,ANSI full bleed D (22.00 x 34.00 Inches),1:2.00576,
F:\ProgramTest\Processing\jananid_1\Wiring\DRW-350018-0.dwg,Model,5/31/2019 9:32:43 AM,jananid,DWG To PDF.pc3,ANSI full bleed D (22.00 x 34.00 Inches),1:1.54994,
F:\ProgramTest\Processing\jananid_1\Wiring\DRW-364795-0.dwg,Model,5/31/2019 9:32:49 AM,jananid,DWG To PDF.pc3,ANSI full bleed D (22.00 x 34.00 Inches),1:2.00693,
F:\ProgramTest\Processing\jananid_1\Wiring\DRW-364796-0.dwg,Model,5/31/2019 9:32:54 AM,jananid,DWG To PDF.pc3,ANSI full bleed D (22.00 x 34.00 Inches),1:2.00604,
F:\ProgramTest\Processing\jananid_1\Wiring\DRW-364797-0.dwg,Model,5/31/2019 9:32:58 AM,jananid,DWG To PDF.pc3,ANSI full bleed D (22.00 x 34.00 Inches),1:2.00693,
F:\ProgramTest\Processing\jananid_1\Wiring\DRW-365114-0.dwg,Model,5/31/2019 9:33:03 AM,jananid,DWG To PDF.pc3,ANSI full bleed D (22.00 x 34.00 Inches),1:2.00585,
F:\ProgramTest\Processing\jananid_1\Wiring\DRW-365115-0.dwg,Model,5/31/2019 9:33:07 AM,jananid,DWG To PDF.pc3,ANSI full bleed D (22.00 x 34.00 Inches),1:2.00592,
F:\ProgramTest\Processing\jananid_1\Wiring\DRW-365116-0.dwg,Model,5/31/2019 9:33:11 AM,jananid,DWG To PDF.pc3,ANSI full bleed D (22.00 x 34.00 Inches),1:2.00718,
F:\ProgramTest\Processing\jananid_1\Wiring\DRW-365122-0.dwg,Model,5/31/2019 9:33:16 AM,jananid,DWG To PDF.pc3,ANSI full bleed D (22.00 x 34.00 Inches),1:1.55003,
F:\ProgramTest\Processing\jananid_1\Wiring\DRW-365350-0.dwg,Layout1,5/31/2019 9:33:23 AM,jananid,\\cengps3\IRVPLT0659BKIP,34x44in.,1:1.00978,
F:\ProgramTest\Processing\jananid_1\Wiring\DRW-IC-213818-0.dwg,Model,5/31/2019 9:33:39 AM,jananid,DWG To PDF.pc3,ANSI full bleed D (22.00 x 34.00 Inches),1:2.01081,
F:\ProgramTest\Processing\jananid_1\Wiring\DRW-IC-213819-0.dwg,Model,5/31/2019 9:33:44 AM,jananid,DWG To PDF.pc3,ANSI full bleed D (22.00 x 34.00 Inches),1:2.00588,
F:\ProgramTest\Processing\jananid_1\Wiring\DRW-IC-213835-0.dwg,Model,5/31/2019 9:33:50 AM,jananid,DWG To PDF.pc3,ANSI full bleed D (22.00 x 34.00 Inches),1:2.00707,
F:\ProgramTest\Processing\jananid_1\Wiring\DRW-IC-262237-0.dwg,Model,5/31/2019 9:33:54 AM,jananid,DWG To PDF.pc3,ANSI full bleed D (22.00 x 34.00 Inches),1:1.54995,
F:\ProgramTest\Processing\jananid_1\Wiring\DRW-IC-262238-0.dwg,Model,5/31/2019 9:33:58 AM,jananid,DWG To PDF.pc3,ANSI full bleed D (22.00 x 34.00 Inches),1:1.55,
F:\ProgramTest\Processing\jananid_1\Wiring\DRW-IC-262252-0.dwg,Model,5/31/2019 9:34:03 AM,jananid,DWG To PDF.pc3,ANSI full bleed D (22.00 x 34.00 Inches),1:1.5499,
F:\ProgramTest\Processing\jananid_1\Wiring\DRW-IC-364797-0.dwg,Model,5/31/2019 9:34:07 AM,jananid,DWG To PDF.pc3,ANSI full bleed D (22.00 x 34.00 Inches),1:2.00702,
F:\ProgramTest\Processing\jananid_1\Wiring\DRW-IC-365116-0.dwg,Model,5/31/2019 9:34:13 AM,jananid,DWG To PDF.pc3,ANSI full bleed D (22.00 x 34.00 Inches),1:2.00611,
F:\ProgramTest\Processing\jananid_1\Wiring\DRW-IC-365122-0.dwg,Layout1,5/31/2019 9:34:26 AM,jananid,\\cengps3\IRVPLT0659BKIP,22x34in.,1:1.01522,
F:\ProgramTest\Processing\jananid_1\Wiring\DRW-IC160035-0.dwg,Model,5/31/2019 9:34:53 AM,jananid,DWG To PDF.pc3,ANSI full bleed D (22.00 x 34.00 Inches),1:2.00585,
F:\ProgramTest\Processing\jananid_1\Wiring\DRW-IC350018-0.dwg,Model,5/31/2019 9:35:00 AM,jananid,DWG To PDF.pc3,ANSI full bleed D (22.00 x 34.00 Inches),1:1.54992,
F:\ProgramTest\Processing\jananid_1\Wiring\DRW-IC364795-0.dwg,Model,5/31/2019 9:35:06 AM,jananid,DWG To PDF.pc3,ANSI full bleed D (22.00 x 34.00 Inches),1:2.0071,
F:\ProgramTest\Processing\jananid_1\Wiring\DRW-IC365114-0.dwg,Model,5/31/2019 9:35:11 AM,jananid,DWG To PDF.pc3,ANSI full bleed D (22.00 x 34.00 Inches),1:2.00706,
F:\ProgramTest\Processing\jananid_1\Wiring\IC-213829.dwg,Model,5/31/2019 9:35:16 AM,jananid,DWG To PDF.pc3,ANSI full bleed D (22.00 x 34.00 Inches),1:2.01616,
F:\ProgramTest\Processing\jananid_1\Wiring\IC-213836.dwg,Model,5/31/2019 9:35:20 AM,jananid,DWG To PDF.pc3,ANSI full bleed D (22.00 x 34.00 Inches),1:2.05904,
F:\ProgramTest\Processing\jananid_1\Wiring\IC-241083.dwg,Model,5/31/2019 9:35:25 AM,jananid,DWG To PDF.pc3,ANSI full bleed D (22.00 x 34.00 Inches),1:1.54998,
F:\ProgramTest\Processing\jananid_1\Wiring\IC-258059.dwg,Layout1,5/31/2019 9:35:29 AM,jananid,Adobe PDF,ANSI E,1:1.0075,
F:\ProgramTest\Processing\jananid_1\Wiring\IC-349064.dwg,Model,5/31/2019 9:35:36 AM,jananid,DWG To PDF.pc3,ANSI full bleed D (22.00 x 34.00 Inches),1:2.00588,
F:\ProgramTest\Processing\jananid_1\Wiring\IC-365115.dwg,Model,5/31/2019 9:35:42 AM,jananid,DWG To PDF.pc3,ANSI full bleed D (22.00 x 34.00 Inches),1:2.00592,
F:\ProgramTest\Processing\jananid_1\Wiring\VND-2005MB2304-3.dwg,Model,5/31/2019 9:35:46 AM,jananid,DWG To PDF.pc3,ANSI full bleed D (22.00 x 34.00 Inches),1:1.48705,
F:\ProgramTest\Processing\jananid_1\Wiring\VND-2008MB0229-0.dwg,Layout1,5/31/2019 9:35:59 AM,jananid,\\cengps3\IRVPLT0659BKIP,22x34in.,1:1.0152,
F:\ProgramTest\Processing\jananid_1\Wiring\VND-2008MB0230-0.dwg,Layout1,5/31/2019 9:36:03 AM,jananid,\\cengps3\IRVPLT0659BKIP,22x34in.,1:1.01513,
F:\ProgramTest\Processing\jananid_1\Wiring\VND-IC-2005MB2304-3.dwg,Model,5/31/2019 9:36:07 AM,jananid,DWG To PDF.pc3,ANSI full bleed D (22.00 x 34.00 Inches),1:1.48847,
F:\ProgramTest\Processing\jananid_1\Physical\513430.dwg,Layout1,5/31/2019 10:15:56 AM,jananid,DWG To PDF.pc3,ANSI full bleed E (34.00 x 44.00 Inches),1:1.00189,
F:\ProgramTest\Processing\jananid_1\Physical\515536.dwg,Layout1,5/31/2019 10:16:05 AM,jananid,irvplt0637xrx.pc3,ANSI E (44.00 x 34.00 Inches),1:1.03229,
F:\ProgramTest\Processing\jananid_1\Physical\605158.dwg,Model,5/31/2019 10:16:14 AM,jananid,DWG To PDF.pc3,ANSI full bleed D (22.00 x 34.00 Inches),1:2.00594,
F:\ProgramTest\Processing\jananid_1\Physical\DRW-161324-0.dwg,Layout1,5/31/2019 10:16:21 AM,jananid,\\cengps3\IRVPLT0659BKIP,34x44in.,1:1.00758,
F:\ProgramTest\Processing\jananid_1\Physical\DRW-258059-0.dwg,Layout1,5/31/2019 10:17:35 AM,jananid,Adobe PDF,ANSI E,1:1.00742,
F:\ProgramTest\Processing\jananid_1\Physical\IC-258059.dwg,Layout1,5/31/2019 10:29:13 AM,jananid,Adobe PDF,ANSI E,1:1.0075,
F:\ProgramTest\Processing\jananid_1\Wiring\2016MB002311.dwg,Model,5/31/2019 10:29:18 AM,jananid,DWG To PDF.pc3,ANSI full bleed D (22.00 x 34.00 Inches),1:2.00595,
F:\ProgramTest\Processing\jananid_1\Wiring\2016MB002315.dwg,Model,5/31/2019 10:29:23 AM,jananid,DWG To PDF.pc3,ANSI full bleed D (22.00 x 34.00 Inches),1:2.00591,
F:\ProgramTest\Processing\jananid_1\Wiring\2016MB002324.dwg,Model,5/31/2019 10:29:27 AM,jananid,DWG To PDF.pc3,ANSI full bleed D (22.00 x 34.00 Inches),1:2.00582,
F:\ProgramTest\Processing\jananid_1\Wiring\2016MB002329.dwg,Model,5/31/2019 10:29:32 AM,jananid,DWG To PDF.pc3,ANSI full bleed D (22.00 x 34.00 Inches),1:2.00585,
F:\ProgramTest\Processing\jananid_1\Wiring\509390.dwg,Model,5/31/2019 10:29:36 AM,jananid,DWG To PDF.pc3,ANSI full bleed D (22.00 x 34.00 Inches),1:2.00589,
F:\ProgramTest\Processing\jananid_1\Wiring\513430.dwg,Layout1,5/31/2019 10:29:49 AM,jananid,DWG To PDF.pc3,ANSI full bleed E (34.00 x 44.00 Inches),1:1.00189,
F:\ProgramTest\Processing\jananid_1\Wiring\514746.dwg,Model,5/31/2019 10:29:57 AM,jananid,DWG To PDF.pc3,ANSI full bleed D (22.00 x 34.00 Inches),1:2.00609,
F:\ProgramTest\Processing\jananid_1\Wiring\514747.dwg,Model,5/31/2019 10:30:01 AM,jananid,DWG To PDF.pc3,ANSI full bleed D (22.00 x 34.00 Inches),1:2.00584,
F:\ProgramTest\Processing\jananid_1\Wiring\515406.dwg,Model,5/31/2019 10:30:07 AM,jananid,DWG To PDF.pc3,ANSI full bleed D (22.00 x 34.00 Inches),1:2.00587,
F:\ProgramTest\Processing\jananid_1\Wiring\515536.dwg,Layout1,5/31/2019 10:30:12 AM,jananid,irvplt0637xrx.pc3,ANSI E (44.00 x 34.00 Inches),1:1.03229,
F:\ProgramTest\Processing\jananid_1\Wiring\516076.dwg,Model,5/31/2019 10:30:18 AM,jananid,DWG To PDF.pc3,ANSI full bleed D (22.00 x 34.00 Inches),1:2.00636,
F:\ProgramTest\Processing\jananid_1\Wiring\DRW-161324-0.dwg,Layout1,5/31/2019 10:30:28 AM,jananid,\\cengps3\IRVPLT0659BKIP,34x44in.,1:1.00758,
F:\ProgramTest\Processing\jananid_1\Wiring\DRW-213810-0.dwg,Model,5/31/2019 10:31:40 AM,jananid,DWG To PDF.pc3,ANSI full bleed D (22.00 x 34.00 Inches),1:2.00585,
F:\ProgramTest\Processing\jananid_1\Wiring\DRW-213815-0.dwg,Model,5/31/2019 10:31:46 AM,jananid,DWG To PDF.pc3,ANSI full bleed D (22.00 x 34.00 Inches),1:2.0058,
F:\ProgramTest\Processing\jananid_1\Wiring\DRW-213816-0.dwg,Model,5/31/2019 10:31:50 AM,jananid,DWG To PDF.pc3,ANSI full bleed D (22.00 x 34.00 Inches),1:2.04184,
F:\ProgramTest\Processing\jananid_1\Wiring\DRW-213818-0.dwg,Model,5/31/2019 10:31:55 AM,jananid,DWG To PDF.pc3,ANSI full bleed D (22.00 x 34.00 Inches),1:2.01084,
F:\ProgramTest\Processing\jananid_1\Wiring\DRW-213819-0.dwg,Model,5/31/2019 10:32:00 AM,jananid,DWG To PDF.pc3,ANSI full bleed D (22.00 x 34.00 Inches),1:2.00585,
F:\ProgramTest\Processing\jananid_1\Wiring\DRW-213828-0.dwg,Model,5/31/2019 10:32:08 AM,jananid,DWG To PDF.pc3,ANSI full bleed D (22.00 x 34.00 Inches),1:2.0263,
F:\ProgramTest\Processing\jananid_1\Wiring\DRW-213829-0.dwg,Model,5/31/2019 10:32:14 AM,jananid,DWG To PDF.pc3,ANSI full bleed D (22.00 x 34.00 Inches),1:2.01616,
F:\ProgramTest\Processing\jananid_1\Wiring\DRW-213832-0.dwg,Layout1,5/31/2019 10:32:20 AM,jananid,\\cengps3\IRVPLT0659BKIP,34x44in.,1:1.00982,
F:\ProgramTest\Processing\jananid_1\Wiring\DRW-213835-0.dwg,Model,5/31/2019 10:32:58 AM,jananid,DWG To PDF.pc3,ANSI full bleed D (22.00 x 34.00 Inches),1:2.00707,
F:\ProgramTest\Processing\jananid_1\Wiring\DRW-213836-0.dwg,Model,5/31/2019 10:33:03 AM,jananid,DWG To PDF.pc3,ANSI full bleed D (22.00 x 34.00 Inches),1:2.03954,
F:\ProgramTest\Processing\jananid_1\Wiring\DRW-241083-0.dwg,Model,5/31/2019 10:33:08 AM,jananid,DWG To PDF.pc3,ANSI full bleed D (22.00 x 34.00 Inches),1:1.54993,
F:\ProgramTest\Processing\jananid_1\Wiring\DRW-241969-0.dwg,Model,5/31/2019 10:33:12 AM,jananid,DWG To PDF.pc3,ANSI full bleed D (22.00 x 34.00 Inches),1:2.0061,
F:\ProgramTest\Processing\jananid_1\Wiring\DRW-258059-0.dwg,Layout1,5/31/2019 10:33:18 AM,jananid,Adobe PDF,ANSI E,1:1.00742,
F:\ProgramTest\Processing\jananid_1\Wiring\DRW-262236-0.dwg,Model,5/31/2019 10:33:57 AM,jananid,DWG To PDF.pc3,ANSI full bleed D (22.00 x 34.00 Inches),1:2.00582,
F:\ProgramTest\Processing\jananid_1\Wiring\DRW-262237-0.dwg,Model,5/31/2019 10:34:01 AM,jananid,DWG To PDF.pc3,ANSI full bleed D (22.00 x 34.00 Inches),1:1.55027,
F:\ProgramTest\Processing\jananid_1\Wiring\DRW-262238-0.dwg,Model,5/31/2019 10:34:06 AM,jananid,DWG To PDF.pc3,ANSI full bleed D (22.00 x 34.00 Inches),1:1.55,
F:\ProgramTest\Processing\jananid_1\Wiring\DRW-262252-0.dwg,Model,5/31/2019 10:34:10 AM,jananid,DWG To PDF.pc3,ANSI full bleed D (22.00 x 34.00 Inches),1:1.54995,
F:\ProgramTest\Processing\jananid_1\Wiring\DRW-349064-0.dwg,Model,5/31/2019 10:34:15 AM,jananid,DWG To PDF.pc3,ANSI full bleed D (22.00 x 34.00 Inches),1:2.00576,
F:\ProgramTest\Processing\jananid_1\Wiring\DRW-350018-0.dwg,Model,5/31/2019 10:34:21 AM,jananid,DWG To PDF.pc3,ANSI full bleed D (22.00 x 34.00 Inches),1:1.54994,
F:\ProgramTest\Processing\jananid_1\Wiring\DRW-364795-0.dwg,Model,5/31/2019 10:34:28 AM,jananid,DWG To PDF.pc3,ANSI full bleed D (22.00 x 34.00 Inches),1:2.00693,
F:\ProgramTest\Processing\jananid_1\Wiring\DRW-364796-0.dwg,Model,5/31/2019 10:34:33 AM,jananid,DWG To PDF.pc3,ANSI full bleed D (22.00 x 34.00 Inches),1:2.00604,
F:\ProgramTest\Processing\jananid_1\Wiring\DRW-364797-0.dwg,Model,5/31/2019 10:34:37 AM,jananid,DWG To PDF.pc3,ANSI full bleed D (22.00 x 34.00 Inches),1:2.00693,
F:\ProgramTest\Processing\jananid_1\Wiring\DRW-365114-0.dwg,Model,5/31/2019 10:34:41 AM,jananid,DWG To PDF.pc3,ANSI full bleed D (22.00 x 34.00 Inches),1:2.00585,
F:\ProgramTest\Processing\jananid_1\Wiring\DRW-365115-0.dwg,Model,5/31/2019 10:34:46 AM,jananid,DWG To PDF.pc3,ANSI full bleed D (22.00 x 34.00 Inches),1:2.00592,
F:\ProgramTest\Processing\jananid_1\Wiring\DRW-365116-0.dwg,Model,5/31/2019 10:34:50 AM,jananid,DWG To PDF.pc3,ANSI full bleed D (22.00 x 34.00 Inches),1:2.00718,
F:\ProgramTest\Processing\jananid_1\Wiring\DRW-365122-0.dwg,Model,5/31/2019 10:34:55 AM,jananid,DWG To PDF.pc3,ANSI full bleed D (22.00 x 34.00 Inches),1:1.55003,
F:\ProgramTest\Processing\jananid_1\Wiring\DRW-365350-0.dwg,Layout1,5/31/2019 10:35:02 AM,jananid,\\cengps3\IRVPLT0659BKIP,34x44in.,1:1.00978,
F:\ProgramTest\Processing\jananid_1\Wiring\DRW-IC-213818-0.dwg,Model,5/31/2019 10:35:19 AM,jananid,DWG To PDF.pc3,ANSI full bleed D (22.00 x 34.00 Inches),1:2.01081,
F:\ProgramTest\Processing\jananid_1\Wiring\DRW-IC-213819-0.dwg,Model,5/31/2019 10:35:24 AM,jananid,DWG To PDF.pc3,ANSI full bleed D (22.00 x 34.00 Inches),1:2.00588,
F:\ProgramTest\Processing\jananid_1\Wiring\DRW-IC-213835-0.dwg,Model,5/31/2019 10:35:30 AM,jananid,DWG To PDF.pc3,ANSI full bleed D (22.00 x 34.00 Inches),1:2.00707,
F:\ProgramTest\Processing\jananid_1\Wiring\DRW-IC-262237-0.dwg,Model,5/31/2019 10:35:33 AM,jananid,DWG To PDF.pc3,ANSI full bleed D (22.00 x 34.00 Inches),1:1.54995,
F:\ProgramTest\Processing\jananid_1\Wiring\DRW-IC-262238-0.dwg,Model,5/31/2019 10:35:37 AM,jananid,DWG To PDF.pc3,ANSI full bleed D (22.00 x 34.00 Inches),1:1.55,
F:\ProgramTest\Processing\jananid_1\Wiring\DRW-IC-262252-0.dwg,Model,5/31/2019 10:35:41 AM,jananid,DWG To PDF.pc3,ANSI full bleed D (22.00 x 34.00 Inches),1:1.5499,
F:\ProgramTest\Processing\jananid_1\Wiring\DRW-IC-364797-0.dwg,Model,5/31/2019 10:35:45 AM,jananid,DWG To PDF.pc3,ANSI full bleed D (22.00 x 34.00 Inches),1:2.00702,
F:\ProgramTest\Processing\jananid_1\Wiring\DRW-IC-365116-0.dwg,Model,5/31/2019 10:35:49 AM,jananid,DWG To PDF.pc3,ANSI full bleed D (22.00 x 34.00 Inches),1:2.00611,
F:\ProgramTest\Processing\jananid_1\Wiring\DRW-IC-365122-0.dwg,Layout1,5/31/2019 10:35:54 AM,jananid,\\cengps3\IRVPLT0659BKIP,22x34in.,1:1.01522,
F:\ProgramTest\Processing\jananid_1\Wiring\DRW-IC160035-0.dwg,Model,5/31/2019 10:36:12 AM,jananid,DWG To PDF.pc3,ANSI full bleed D (22.00 x 34.00 Inches),1:2.00585,
F:\ProgramTest\Processing\jananid_1\Wiring\DRW-IC350018-0.dwg,Model,5/31/2019 10:36:18 AM,jananid,DWG To PDF.pc3,ANSI full bleed D (22.00 x 34.00 Inches),1:1.54992,
F:\ProgramTest\Processing\jananid_1\Wiring\DRW-IC364795-0.dwg,Model,5/31/2019 10:36:25 AM,jananid,DWG To PDF.pc3,ANSI full bleed D (22.00 x 34.00 Inches),1:2.0071,
F:\ProgramTest\Processing\jananid_1\Wiring\DRW-IC365114-0.dwg,Model,5/31/2019 10:36:29 AM,jananid,DWG To PDF.pc3,ANSI full bleed D (22.00 x 34.00 Inches),1:2.00706,
F:\ProgramTest\Processing\jananid_1\Wiring\IC-213829.dwg,Model,5/31/2019 10:36:34 AM,jananid,DWG To PDF.pc3,ANSI full bleed D (22.00 x 34.00 Inches),1:2.01616,
F:\ProgramTest\Processing\jananid_1\Wiring\IC-213836.dwg,Model,5/31/2019 10:36:39 AM,jananid,DWG To PDF.pc3,ANSI full bleed D (22.00 x 34.00 Inches),1:2.05904,
F:\ProgramTest\Processing\jananid_1\Wiring\IC-241083.dwg,Model,5/31/2019 10:36:43 AM,jananid,DWG To PDF.pc3,ANSI full bleed D (22.00 x 34.00 Inches),1:1.54998,
F:\ProgramTest\Processing\jananid_1\Wiring\IC-258059.dwg,Layout1,5/31/2019 10:36:47 AM,jananid,Adobe PDF,ANSI E,1:1.0075,
F:\ProgramTest\Processing\jananid_1\Wiring\IC-349064.dwg,Model,5/31/2019 10:37:31 AM,jananid,DWG To PDF.pc3,ANSI full bleed D (22.00 x 34.00 Inches),1:2.00588,
F:\ProgramTest\Processing\jananid_1\Wiring\IC-365115.dwg,Model,5/31/2019 10:37:36 AM,jananid,DWG To PDF.pc3,ANSI full bleed D (22.00 x 34.00 Inches),1:2.00592,
F:\ProgramTest\Processing\jananid_1\Wiring\VND-2005MB2304-3.dwg,Model,5/31/2019 10:37:40 AM,jananid,DWG To PDF.pc3,ANSI full bleed D (22.00 x 34.00 Inches),1:1.48705,
F:\ProgramTest\Processing\jananid_1\Wiring\VND-2008MB0229-0.dwg,Layout1,5/31/2019 10:37:53 AM,jananid,\\cengps3\IRVPLT0659BKIP,22x34in.,1:1.0152,
F:\ProgramTest\Processing\jananid_1\Wiring\VND-2008MB0230-0.dwg,Layout1,5/31/2019 10:37:57 AM,jananid,\\cengps3\IRVPLT0659BKIP,22x34in.,1:1.01513,
F:\ProgramTest\Processing\jananid_1\Wiring\VND-IC-2005MB2304-3.dwg,Model,5/31/2019 10:38:02 AM,jananid,DWG To PDF.pc3,ANSI full bleed D (22.00 x 34.00 Inches),1:1.48847,
F:\ProgramTest\Processing\jananid_2\Physical\513430.dwg,Layout1,5/31/2019 10:51:48 AM,jananid,DWG To PDF.pc3,ANSI full bleed E (34.00 x 44.00 Inches),1:1.00189,
F:\ProgramTest\Processing\jananid_2\Physical\515536.dwg,Layout1,5/31/2019 10:51:54 AM,jananid,DWG To PDF.pc3,ISO full bleed B1 (1000.00 x 707.00 MM),1:0.0482003,
F:\ProgramTest\Processing\jananid_2\Physical\605158.dwg,Model,5/31/2019 10:51:58 AM,jananid,DWG To PDF.pc3,ANSI full bleed E (34.00 x 44.00 Inches),1:1.00196,
F:\ProgramTest\Processing\jananid_2\Physical\DRW-161324-0.dwg,Layout1,5/31/2019 10:52:04 AM,jananid,DWG To PDF.pc3,ANSI full bleed E (34.00 x 44.00 Inches),1:1.0015,
F:\ProgramTest\Processing\jananid_2\Physical\DRW-258059-0.dwg,Layout1,5/31/2019 10:52:12 AM,jananid,DWG To PDF.pc3,ANSI full bleed E (34.00 x 44.00 Inches),1:1.00185,
F:\ProgramTest\Processing\jananid_2\Physical\IC-258059.dwg,Layout1,5/31/2019 10:52:18 AM,jananid,DWG To PDF.pc3,ANSI full bleed E (34.00 x 44.00 Inches),1:1.00193,
F:\ProgramTest\Processing\jananid_2\Wiring\2016MB002311.dwg,Model,5/31/2019 10:52:24 AM,jananid,DWG To PDF.pc3,ANSI expand D (22.00 x 34.00 Inches),1:1.57836,
F:\ProgramTest\Processing\jananid_2\Wiring\2016MB002315.dwg,Model,5/31/2019 10:52:29 AM,jananid,DWG To PDF.pc3,ANSI full bleed D (34.00 x 22.00 Inches),1:1.55001,
F:\ProgramTest\Processing\jananid_3\Physical\513430.dwg,Layout1,5/31/2019 10:54:20 AM,jananid,DWG To PDF.pc3,ANSI full bleed E (34.00 x 44.00 Inches),1:1.00189,
F:\ProgramTest\Processing\jananid_3\Physical\515536.dwg,Layout1,5/31/2019 10:54:28 AM,jananid,DWG To PDF.pc3,ISO full bleed B1 (1000.00 x 707.00 MM),1:0.0482003,
F:\ProgramTest\Processing\jananid_3\Physical\605158.dwg,Model,5/31/2019 10:54:33 AM,jananid,DWG To PDF.pc3,ANSI full bleed E (34.00 x 44.00 Inches),1:1.00196,
F:\ProgramTest\Processing\jananid_3\Physical\DRW-161324-0.dwg,Layout1,5/31/2019 10:54:38 AM,jananid,DWG To PDF.pc3,ANSI full bleed E (34.00 x 44.00 Inches),1:1.0015,
F:\ProgramTest\Processing\jananid_3\Physical\DRW-258059-0.dwg,Layout1,5/31/2019 10:54:45 AM,jananid,DWG To PDF.pc3,ANSI full bleed E (34.00 x 44.00 Inches),1:1.00185,
F:\ProgramTest\Processing\jananid_3\Physical\IC-258059.dwg,Layout1,5/31/2019 10:54:50 AM,jananid,DWG To PDF.pc3,ANSI full bleed E (34.00 x 44.00 Inches),1:1.00193,
F:\ProgramTest\Processing\jananid_4\Physical\513430.dwg,Layout1,5/31/2019 10:56:17 AM,jananid,DWG To PDF.pc3,ANSI full bleed E (34.00 x 44.00 Inches),1:1.00189,
F:\ProgramTest\Processing\jananid_4\Physical\515536.dwg,Layout1,5/31/2019 10:56:25 AM,jananid,DWG To PDF.pc3,ISO full bleed B1 (1000.00 x 707.00 MM),1:0.0482003,
F:\ProgramTest\Processing\jananid_1\Physical\513430.dwg,Layout1,5/31/2019 11:00:05 AM,jananid,DWG To PDF.pc3,ANSI full bleed E (34.00 x 44.00 Inches),1:1.00189,
F:\ProgramTest\Processing\jananid_1\Physical\515536.dwg,Layout1,5/31/2019 11:00:13 AM,jananid,DWG To PDF.pc3,ISO full bleed B1 (1000.00 x 707.00 MM),1:0.0482003,
F:\ProgramTest\Processing\jananid_1\Physical\605158.dwg,Model,5/31/2019 11:00:17 AM,jananid,DWG To PDF.pc3,ANSI full bleed E (34.00 x 44.00 Inches),1:1.00196,
F:\ProgramTest\Processing\jananid_1\Physical\DRW-161324-0.dwg,Layout1,5/31/2019 11:00:22 AM,jananid,DWG To PDF.pc3,ANSI full bleed E (34.00 x 44.00 Inches),1:1.0015,
F:\ProgramTest\Processing\jananid_1\Physical\DRW-258059-0.dwg,Layout1,5/31/2019 11:00:29 AM,jananid,DWG To PDF.pc3,ANSI full bleed E (34.00 x 44.00 Inches),1:1.00185,
F:\ProgramTest\Processing\jananid_1\Physical\IC-258059.dwg,Layout1,5/31/2019 11:00:35 AM,jananid,DWG To PDF.pc3,ANSI full bleed E (34.00 x 44.00 Inches),1:1.00193,
F:\ProgramTest\Processing\jananid_1\Wiring\2016MB002311.dwg,Model,5/31/2019 11:00:40 AM,jananid,DWG To PDF.pc3,ANSI expand D (22.00 x 34.00 Inches),1:1.57836,
F:\ProgramTest\Processing\jananid_1\Wiring\2016MB002315.dwg,Model,5/31/2019 11:00:46 AM,jananid,DWG To PDF.pc3,ANSI full bleed D (34.00 x 22.00 Inches),1:1.55001,
F:\ProgramTest\Processing\jananid_1\Wiring\2016MB002324.dwg,Model,5/31/2019 11:00:52 AM,jananid,DWG To PDF.pc3,ANSI full bleed D (34.00 x 22.00 Inches),1:1.54994,
F:\ProgramTest\Processing\jananid_1\Wiring\2016MB002329.dwg,Model,5/31/2019 11:00:56 AM,jananid,DWG To PDF.pc3,ANSI full bleed D (34.00 x 22.00 Inches),1:1.54996,
F:\ProgramTest\Processing\jananid_1\Wiring\509390.dwg,Model,5/31/2019 11:01:02 AM,jananid,DWG To PDF.pc3,ARCH full bleed E (36.00 x 48.00 Inches),1:0.946174,
F:\ProgramTest\Processing\jananid_1\Wiring\513430.dwg,Layout1,5/31/2019 11:01:17 AM,jananid,DWG To PDF.pc3,ANSI full bleed E (34.00 x 44.00 Inches),1:1.00189,
F:\ProgramTest\Processing\jananid_1\Wiring\514744.dwg,Layout1,5/31/2019 11:01:22 AM,jananid,DWG To PDF.pc3,ANSI full bleed E (34.00 x 44.00 Inches),1:1.00193,
F:\ProgramTest\Processing\jananid_1\Wiring\514746.dwg,Model,5/31/2019 11:01:28 AM,jananid,DWG To PDF.pc3,ANSI full bleed E (34.00 x 44.00 Inches),1:1.00195,
F:\ProgramTest\Processing\jananid_1\Wiring\514747.dwg,Model,5/31/2019 11:01:33 AM,jananid,DWG To PDF.pc3,ANSI full bleed E (34.00 x 44.00 Inches),1:1.00186,
F:\ProgramTest\Processing\jananid_1\Wiring\515406.dwg,Model,5/31/2019 11:01:39 AM,jananid,DWG To PDF.pc3,ANSI full bleed E (34.00 x 44.00 Inches),1:1.00193,
F:\ProgramTest\Processing\jananid_1\Wiring\515536.dwg,Layout1,5/31/2019 11:01:45 AM,jananid,DWG To PDF.pc3,ISO full bleed B1 (1000.00 x 707.00 MM),1:0.0482003,
F:\ProgramTest\Processing\jananid_1\Wiring\516076.dwg,Model,5/31/2019 11:01:50 AM,jananid,DWG To PDF.pc3,ANSI full bleed E (34.00 x 44.00 Inches),1:1.0019,
F:\ProgramTest\Processing\jananid_1\Wiring\DRW-161324-0.dwg,Layout1,5/31/2019 11:01:56 AM,jananid,DWG To PDF.pc3,ANSI full bleed E (34.00 x 44.00 Inches),1:1.0015,
F:\ProgramTest\Processing\jananid_1\Wiring\DRW-213810-0.dwg,Model,5/31/2019 11:02:03 AM,jananid,DWG To PDF.pc3,ANSI full bleed E (34.00 x 44.00 Inches),1:1.00192,
F:\ProgramTest\Processing\jananid_1\Wiring\DRW-213815-0.dwg,Model,5/31/2019 11:02:09 AM,jananid,DWG To PDF.pc3,ISO full bleed B1 (1000.00 x 707.00 MM),1:0.0482041,
F:\ProgramTest\Processing\jananid_1\Wiring\DRW-213816-0.dwg,Model,5/31/2019 11:02:13 AM,jananid,DWG To PDF.pc3,ISO full bleed B1 (1000.00 x 707.00 MM),1:0.0482024,
F:\ProgramTest\Processing\jananid_1\Wiring\DRW-213818-0.dwg,Model,5/31/2019 11:02:19 AM,jananid,DWG To PDF.pc3,ANSI full bleed E (34.00 x 44.00 Inches),1:1.00399,
F:\ProgramTest\Processing\jananid_1\Wiring\DRW-213819-0.dwg,Model,5/31/2019 11:02:24 AM,jananid,DWG To PDF.pc3,ISO full bleed B1 (1000.00 x 707.00 MM),1:0.0482017,
F:\ProgramTest\Processing\jananid_1\Wiring\DRW-213828-0.dwg,Model,5/31/2019 11:02:32 AM,jananid,DWG To PDF.pc3,ISO full bleed B1 (1000.00 x 707.00 MM),1:0.0481999,
F:\ProgramTest\Processing\jananid_1\Wiring\DRW-213829-0.dwg,Model,5/31/2019 11:02:39 AM,jananid,DWG To PDF.pc3,ARCH full bleed D (24.00 x 36.00 Inches),1:1.42041,
F:\ProgramTest\Processing\jananid_1\Wiring\DRW-213832-0.dwg,Layout1,5/31/2019 11:02:44 AM,jananid,DWG To PDF.pc3,ANSI full bleed E (34.00 x 44.00 Inches),1:1.00194,
F:\ProgramTest\Processing\jananid_1\Wiring\DRW-213835-0.dwg,Model,5/31/2019 11:02:50 AM,jananid,DWG To PDF.pc3,ANSI full bleed E (34.00 x 44.00 Inches),1:1.00211,
F:\ProgramTest\Processing\jananid_1\Wiring\DRW-213836-0.dwg,Model,5/31/2019 11:02:55 AM,jananid,DWG To PDF.pc3,ANSI full bleed E (34.00 x 44.00 Inches),1:1.01832,
F:\ProgramTest\Processing\jananid_1\Wiring\DRW-241083-0.dwg,Model,5/31/2019 11:03:00 AM,jananid,DWG To PDF.pc3,ANSI expand D (34.00 x 22.00 Inches),1:1.04019,
F:\ProgramTest\Processing\jananid_1\Wiring\DRW-241969-0.dwg,Model,5/31/2019 11:03:05 AM,jananid,DWG To PDF.pc3,ANSI full bleed E (34.00 x 44.00 Inches),1:1.00193,
F:\ProgramTest\Processing\jananid_1\Wiring\DRW-258059-0.dwg,Layout1,5/31/2019 11:03:10 AM,jananid,DWG To PDF.pc3,ANSI full bleed E (34.00 x 44.00 Inches),1:1.00185,
F:\ProgramTest\Processing\jananid_1\Wiring\DRW-262236-0.dwg,Model,5/31/2019 11:03:15 AM,jananid,DWG To PDF.pc3,ANSI full bleed E (34.00 x 44.00 Inches),1:1.0019,
F:\ProgramTest\Processing\jananid_1\Wiring\DRW-262237-0.dwg,Model,5/31/2019 11:03:21 AM,jananid,DWG To PDF.pc3,ANSI expand D (22.00 x 34.00 Inches),1:1.02591,
F:\ProgramTest\Processing\jananid_1\Wiring\DRW-262238-0.dwg,Model,5/31/2019 11:03:25 AM,jananid,DWG To PDF.pc3,ANSI expand D (22.00 x 34.00 Inches),1:1.02573,
F:\ProgramTest\Processing\jananid_1\Wiring\DRW-262252-0.dwg,Model,5/31/2019 11:03:30 AM,jananid,DWG To PDF.pc3,ANSI full bleed D (34.00 x 22.00 Inches),1:1.00291,
F:\ProgramTest\Processing\jananid_1\Wiring\DRW-349064-0.dwg,Model,5/31/2019 11:03:36 AM,jananid,DWG To PDF.pc3,ANSI full bleed E (34.00 x 44.00 Inches),1:1.00187,
F:\ProgramTest\Processing\jananid_1\Wiring\DRW-350018-0.dwg,Model,5/31/2019 11:03:42 AM,jananid,DWG To PDF.pc3,ANSI expand D (22.00 x 34.00 Inches),1:1.02569,
F:\ProgramTest\Processing\jananid_1\Wiring\DRW-364795-0.dwg,Model,5/31/2019 11:03:49 AM,jananid,DWG To PDF.pc3,ANSI full bleed E (34.00 x 44.00 Inches),1:1.00236,
F:\ProgramTest\Processing\jananid_1\Wiring\DRW-364796-0.dwg,Model,5/31/2019 11:03:54 AM,jananid,DWG To PDF.pc3,ANSI full bleed E (34.00 x 44.00 Inches),1:1.0019,
F:\ProgramTest\Processing\jananid_1\Wiring\DRW-364797-0.dwg,Model,5/31/2019 11:03:58 AM,jananid,DWG To PDF.pc3,ANSI full bleed E (34.00 x 44.00 Inches),1:1.00229,
F:\ProgramTest\Processing\jananid_1\Wiring\DRW-365114-0.dwg,Model,5/31/2019 11:04:04 AM,jananid,DWG To PDF.pc3,ANSI full bleed E (34.00 x 44.00 Inches),1:1.0019,
F:\ProgramTest\Processing\jananid_1\Wiring\DRW-365115-0.dwg,Model,5/31/2019 11:04:09 AM,jananid,DWG To PDF.pc3,ANSI expand A (8.50 x 11.00 Inches),1:6.06353,
F:\ProgramTest\Processing\jananid_1\Wiring\DRW-365116-0.dwg,Model,5/31/2019 11:04:13 AM,jananid,DWG To PDF.pc3,ANSI full bleed E (34.00 x 44.00 Inches),1:1.00225,
F:\ProgramTest\Processing\jananid_1\Wiring\DRW-365122-0.dwg,Model,5/31/2019 11:04:18 AM,jananid,DWG To PDF.pc3,ANSI full bleed D (34.00 x 22.00 Inches),1:1.00295,
F:\ProgramTest\Processing\jananid_1\Wiring\DRW-365350-0.dwg,Layout1,5/31/2019 11:04:23 AM,jananid,DWG To PDF.pc3,ANSI full bleed E (34.00 x 44.00 Inches),1:1.00189,
F:\ProgramTest\Processing\jananid_1\Wiring\DRW-IC-213818-0.dwg,Model,5/31/2019 11:04:29 AM,jananid,DWG To PDF.pc3,ANSI full bleed E (34.00 x 44.00 Inches),1:1.00397,
F:\ProgramTest\Processing\jananid_1\Wiring\DRW-IC-213819-0.dwg,Model,5/31/2019 11:04:34 AM,jananid,DWG To PDF.pc3,ISO full bleed B1 (1000.00 x 707.00 MM),1:0.0482032,
F:\ProgramTest\Processing\jananid_1\Wiring\DRW-IC-213835-0.dwg,Model,5/31/2019 11:04:40 AM,jananid,DWG To PDF.pc3,ANSI full bleed E (34.00 x 44.00 Inches),1:1.00211,
F:\ProgramTest\Processing\jananid_1\Wiring\DRW-IC-262237-0.dwg,Model,5/31/2019 11:04:44 AM,jananid,DWG To PDF.pc3,ANSI expand D (22.00 x 34.00 Inches),1:1.0257,
F:\ProgramTest\Processing\jananid_1\Wiring\DRW-IC-262238-0.dwg,Model,5/31/2019 11:04:48 AM,jananid,DWG To PDF.pc3,ANSI expand A (8.50 x 11.00 Inches),1:3.92341,
F:\ProgramTest\Processing\jananid_1\Wiring\DRW-IC-262252-0.dwg,Model,5/31/2019 11:04:52 AM,jananid,DWG To PDF.pc3,ANSI expand A (8.50 x 11.00 Inches),1:3.92317,
F:\ProgramTest\Processing\jananid_1\Wiring\DRW-IC-364797-0.dwg,Model,5/31/2019 11:04:56 AM,jananid,DWG To PDF.pc3,ANSI full bleed E (34.00 x 44.00 Inches),1:1.00226,
F:\ProgramTest\Processing\jananid_1\Wiring\DRW-IC-365116-0.dwg,Model,5/31/2019 11:05:01 AM,jananid,DWG To PDF.pc3,ANSI full bleed E (34.00 x 44.00 Inches),1:1.00224,
F:\ProgramTest\Processing\jananid_1\Wiring\DRW-IC-365122-0.dwg,Layout1,5/31/2019 11:05:06 AM,jananid,DWG To PDF.pc3,ANSI expand D (22.00 x 34.00 Inches),1:1.02575,
F:\ProgramTest\Processing\jananid_1\Wiring\DRW-IC-365350-0.dwg,Layout1,5/31/2019 11:05:11 AM,jananid,DWG To PDF.pc3,ISO full bleed B0 (1414.00 x 1000.00 MM),1:0.0340556,
F:\ProgramTest\Processing\jananid_1\Wiring\DRW-IC160035-0.dwg,Model,5/31/2019 11:05:17 AM,jananid,DWG To PDF.pc3,ARCH full bleed E (36.00 x 48.00 Inches),1:0.946159,
F:\ProgramTest\Processing\jananid_1\Wiring\DRW-IC350018-0.dwg,Model,5/31/2019 11:05:24 AM,jananid,DWG To PDF.pc3,ANSI full bleed D (22.00 x 34.00 Inches),1:1.00288,
F:\ProgramTest\Processing\jananid_1\Wiring\DRW-IC364795-0.dwg,Model,5/31/2019 11:05:31 AM,jananid,DWG To PDF.pc3,ANSI full bleed E (34.00 x 44.00 Inches),1:1.0022,
F:\ProgramTest\Processing\jananid_1\Wiring\DRW-IC365114-0.dwg,Model,5/31/2019 11:05:36 AM,jananid,DWG To PDF.pc3,ANSI full bleed E (34.00 x 44.00 Inches),1:1.00243,
F:\ProgramTest\Processing\jananid_1\Wiring\IC-213829.dwg,Model,5/31/2019 11:05:41 AM,jananid,DWG To PDF.pc3,ARCH full bleed D (24.00 x 36.00 Inches),1:1.42041,
F:\ProgramTest\Processing\jananid_1\Wiring\IC-213836.dwg,Model,5/31/2019 11:05:46 AM,jananid,DWG To PDF.pc3,ISO full bleed B1 (1000.00 x 707.00 MM),1:0.0482002,
F:\ProgramTest\Processing\jananid_1\Wiring\IC-241083.dwg,Model,5/31/2019 11:05:51 AM,jananid,DWG To PDF.pc3,ANSI expand D (34.00 x 22.00 Inches),1:1.04023,
F:\ProgramTest\Processing\jananid_1\Wiring\IC-258059.dwg,Layout1,5/31/2019 11:05:55 AM,jananid,DWG To PDF.pc3,ANSI full bleed E (34.00 x 44.00 Inches),1:1.00193,
F:\ProgramTest\Processing\jananid_1\Wiring\IC-349064.dwg,Model,5/31/2019 11:06:02 AM,jananid,DWG To PDF.pc3,ANSI full bleed E (34.00 x 44.00 Inches),1:1.00193,
F:\ProgramTest\Processing\jananid_1\Wiring\IC-365115.dwg,Model,5/31/2019 11:06:08 AM,jananid,DWG To PDF.pc3,ANSI expand A (8.50 x 11.00 Inches),1:6.06353,
F:\ProgramTest\Processing\jananid_1\Wiring\VND-2005MB2304-3.dwg,Model,5/31/2019 11:06:12 AM,jananid,DWG To PDF.pc3,ARCH full bleed D (36.00 x 24.00 Inches),1:0.953287,
F:\ProgramTest\Processing\jananid_1\Wiring\VND-2008MB0009-0.dwg,Layout1,5/31/2019 11:06:17 AM,jananid,DWG To PDF.pc3,ANSI full bleed D (34.00 x 22.00 Inches),1:1.00293,
F:\ProgramTest\Processing\jananid_1\Wiring\VND-2008MB0010-0.dwg,Layout1,5/31/2019 11:06:22 AM,jananid,DWG To PDF.pc3,ARCH D (36.00 x 24.00 Inches),1:0.973596,
F:\ProgramTest\Processing\jananid_1\Wiring\VND-2008MB0229-0.dwg,Layout1,5/31/2019 11:06:26 AM,jananid,DWG To PDF.pc3,ANSI expand D (22.00 x 34.00 Inches),1:1.02573,
F:\ProgramTest\Processing\jananid_1\Wiring\VND-2008MB0230-0.dwg,Layout1,5/31/2019 11:06:30 AM,jananid,DWG To PDF.pc3,ANSI expand D (22.00 x 34.00 Inches),1:1.02566,
F:\ProgramTest\Processing\jananid_1\Wiring\VND-IC-2005MB2304-3.dwg,Model,5/31/2019 11:06:35 AM,jananid,DWG To PDF.pc3,ARCH full bleed D (36.00 x 24.00 Inches),1:0.953258,
F:\ProgramTest\Processing\jananid_1\Physical\513430.dwg,Layout1,5/31/2019 11:29:34 AM,jananid,DWG To PDF.pc3,ANSI full bleed E (34.00 x 44.00 Inches),1:1.00189,
F:\ProgramTest\Processing\jananid_1\Physical\515536.dwg,Layout1,5/31/2019 11:29:42 AM,jananid,DWG To PDF.pc3,ISO full bleed B1 (1000.00 x 707.00 MM),1:0.0482003,
F:\ProgramTest\Processing\jananid_1\Physical\605158.dwg,Model,5/31/2019 11:29:46 AM,jananid,DWG To PDF.pc3,ANSI full bleed E (34.00 x 44.00 Inches),1:1.00196,
F:\ProgramTest\Processing\jananid_1\Physical\DRW-161324-0.dwg,Layout1,5/31/2019 11:29:51 AM,jananid,DWG To PDF.pc3,ANSI full bleed E (34.00 x 44.00 Inches),1:1.0015,
F:\ProgramTest\Processing\jananid_1\Physical\DRW-258059-0.dwg,Layout1,5/31/2019 11:29:57 AM,jananid,DWG To PDF.pc3,ANSI full bleed E (34.00 x 44.00 Inches),1:1.00185,
F:\ProgramTest\Processing\jananid_1\Physical\IC-258059.dwg,Layout1,5/31/2019 11:30:02 AM,jananid,DWG To PDF.pc3,ANSI full bleed E (34.00 x 44.00 Inches),1:1.00193,
F:\ProgramTest\Processing\jananid_1\Wiring\2016MB002311.dwg,Model,5/31/2019 11:30:07 AM,jananid,DWG To PDF.pc3,ANSI expand D (22.00 x 34.00 Inches),1:1.57836,
F:\ProgramTest\Processing\jananid_1\Wiring\2016MB002315.dwg,Model,5/31/2019 11:30:11 AM,jananid,DWG To PDF.pc3,ANSI full bleed D (34.00 x 22.00 Inches),1:1.55001,
F:\ProgramTest\Processing\jananid_1\Wiring\2016MB002324.dwg,Model,5/31/2019 11:30:16 AM,jananid,DWG To PDF.pc3,ANSI full bleed D (34.00 x 22.00 Inches),1:1.54994,
F:\ProgramTest\Processing\jananid_1\Wiring\2016MB002329.dwg,Model,5/31/2019 11:30:21 AM,jananid,DWG To PDF.pc3,ANSI full bleed D (34.00 x 22.00 Inches),1:1.54996,
F:\ProgramTest\Processing\jananid_1\Wiring\509390.dwg,Model,5/31/2019 11:30:27 AM,jananid,DWG To PDF.pc3,ARCH full bleed E (36.00 x 48.00 Inches),1:0.946174,
F:\ProgramTest\Processing\jananid_1\Wiring\513430.dwg,Layout1,5/31/2019 11:30:40 AM,jananid,DWG To PDF.pc3,ANSI full bleed E (34.00 x 44.00 Inches),1:1.00189,
F:\ProgramTest\Processing\jananid_1\Wiring\514744.dwg,Layout1,5/31/2019 11:30:46 AM,jananid,DWG To PDF.pc3,ANSI full bleed E (34.00 x 44.00 Inches),1:1.00193,
F:\ProgramTest\Processing\jananid_1\Wiring\514746.dwg,Model,5/31/2019 11:30:51 AM,jananid,DWG To PDF.pc3,ANSI full bleed E (34.00 x 44.00 Inches),1:1.00195,
F:\ProgramTest\Processing\jananid_1\Wiring\514747.dwg,Model,5/31/2019 11:30:55 AM,jananid,DWG To PDF.pc3,ANSI full bleed E (34.00 x 44.00 Inches),1:1.00186,
F:\ProgramTest\Processing\jananid_1\Wiring\515406.dwg,Model,5/31/2019 11:31:01 AM,jananid,DWG To PDF.pc3,ANSI full bleed E (34.00 x 44.00 Inches),1:1.00193,
F:\ProgramTest\Processing\jananid_1\Wiring\515536.dwg,Layout1,5/31/2019 11:31:06 AM,jananid,DWG To PDF.pc3,ISO full bleed B1 (1000.00 x 707.00 MM),1:0.0482003,
F:\ProgramTest\Processing\jananid_1\Wiring\516076.dwg,Model,5/31/2019 11:31:10 AM,jananid,DWG To PDF.pc3,ANSI full bleed E (34.00 x 44.00 Inches),1:1.0019,
F:\ProgramTest\Processing\jananid_1\Wiring\DRW-161324-0.dwg,Layout1,5/31/2019 11:31:16 AM,jananid,DWG To PDF.pc3,ANSI full bleed E (34.00 x 44.00 Inches),1:1.0015,
F:\ProgramTest\Processing\jananid_1\Wiring\DRW-213810-0.dwg,Model,5/31/2019 11:31:23 AM,jananid,DWG To PDF.pc3,ANSI full bleed E (34.00 x 44.00 Inches),1:1.00192,
F:\ProgramTest\Processing\jananid_1\Wiring\DRW-213815-0.dwg,Model,5/31/2019 11:31:28 AM,jananid,DWG To PDF.pc3,ISO full bleed B1 (1000.00 x 707.00 MM),1:0.0482041,
F:\ProgramTest\Processing\jananid_1\Wiring\DRW-213816-0.dwg,Model,5/31/2019 11:31:33 AM,jananid,DWG To PDF.pc3,ISO full bleed B1 (1000.00 x 707.00 MM),1:0.0482024,
F:\ProgramTest\Processing\jananid_1\Wiring\DRW-213818-0.dwg,Model,5/31/2019 11:31:38 AM,jananid,DWG To PDF.pc3,ANSI full bleed E (34.00 x 44.00 Inches),1:1.00399,
F:\ProgramTest\Processing\jananid_1\Wiring\DRW-213819-0.dwg,Model,5/31/2019 11:31:43 AM,jananid,DWG To PDF.pc3,ISO full bleed B1 (1000.00 x 707.00 MM),1:0.0482017,
F:\ProgramTest\Processing\jananid_1\Wiring\DRW-213828-0.dwg,Model,5/31/2019 11:31:52 AM,jananid,DWG To PDF.pc3,ISO full bleed B1 (1000.00 x 707.00 MM),1:0.0481999,
F:\ProgramTest\Processing\jananid_1\Wiring\DRW-213829-0.dwg,Model,5/31/2019 11:31:58 AM,jananid,DWG To PDF.pc3,ARCH full bleed D (24.00 x 36.00 Inches),1:1.42041,
F:\ProgramTest\Processing\jananid_1\Wiring\DRW-213832-0.dwg,Layout1,5/31/2019 11:32:03 AM,jananid,DWG To PDF.pc3,ANSI full bleed E (34.00 x 44.00 Inches),1:1.00194,
F:\ProgramTest\Processing\jananid_1\Wiring\DRW-213835-0.dwg,Model,5/31/2019 11:32:09 AM,jananid,DWG To PDF.pc3,ANSI full bleed E (34.00 x 44.00 Inches),1:1.00211,
F:\ProgramTest\Processing\jananid_1\Wiring\DRW-213836-0.dwg,Model,5/31/2019 11:32:14 AM,jananid,DWG To PDF.pc3,ANSI full bleed E (34.00 x 44.00 Inches),1:1.01832,
F:\ProgramTest\Processing\jananid_1\Wiring\DRW-241083-0.dwg,Model,5/31/2019 11:32:19 AM,jananid,DWG To PDF.pc3,ANSI expand D (34.00 x 22.00 Inches),1:1.04019,
F:\ProgramTest\Processing\jananid_1\Wiring\DRW-241969-0.dwg,Model,5/31/2019 11:32:24 AM,jananid,DWG To PDF.pc3,ANSI full bleed E (34.00 x 44.00 Inches),1:1.00193,
F:\ProgramTest\Processing\jananid_1\Wiring\DRW-258059-0.dwg,Layout1,5/31/2019 11:32:29 AM,jananid,DWG To PDF.pc3,ANSI full bleed E (34.00 x 44.00 Inches),1:1.00185,
F:\ProgramTest\Processing\jananid_1\Wiring\DRW-262236-0.dwg,Model,5/31/2019 11:32:34 AM,jananid,DWG To PDF.pc3,ANSI full bleed E (34.00 x 44.00 Inches),1:1.0019,
F:\ProgramTest\Processing\jananid_1\Wiring\DRW-262237-0.dwg,Model,5/31/2019 11:32:39 AM,jananid,DWG To PDF.pc3,ANSI expand D (22.00 x 34.00 Inches),1:1.02591,
F:\ProgramTest\Processing\jananid_1\Wiring\DRW-262238-0.dwg,Model,5/31/2019 11:32:44 AM,jananid,DWG To PDF.pc3,ANSI expand D (22.00 x 34.00 Inches),1:1.02573,
F:\ProgramTest\Processing\jananid_1\Wiring\DRW-262252-0.dwg,Model,5/31/2019 11:32:48 AM,jananid,DWG To PDF.pc3,ANSI full bleed D (34.00 x 22.00 Inches),1:1.00291,
F:\ProgramTest\Processing\jananid_1\Wiring\DRW-349064-0.dwg,Model,5/31/2019 11:32:53 AM,jananid,DWG To PDF.pc3,ANSI full bleed E (34.00 x 44.00 Inches),1:1.00187,
F:\ProgramTest\Processing\jananid_1\Wiring\DRW-350018-0.dwg,Model,5/31/2019 11:33:00 AM,jananid,DWG To PDF.pc3,ANSI expand D (22.00 x 34.00 Inches),1:1.02569,
F:\ProgramTest\Processing\jananid_1\Wiring\DRW-364795-0.dwg,Model,5/31/2019 11:33:07 AM,jananid,DWG To PDF.pc3,ANSI full bleed E (34.00 x 44.00 Inches),1:1.00236,
F:\ProgramTest\Processing\jananid_1\Wiring\DRW-364796-0.dwg,Model,5/31/2019 11:33:11 AM,jananid,DWG To PDF.pc3,ANSI full bleed E (34.00 x 44.00 Inches),1:1.0019,
F:\ProgramTest\Processing\jananid_1\Wiring\DRW-364797-0.dwg,Model,5/31/2019 11:33:16 AM,jananid,DWG To PDF.pc3,ANSI full bleed E (34.00 x 44.00 Inches),1:1.00229,
F:\ProgramTest\Processing\jananid_1\Wiring\DRW-365114-0.dwg,Model,5/31/2019 11:33:20 AM,jananid,DWG To PDF.pc3,ANSI full bleed E (34.00 x 44.00 Inches),1:1.0019,
F:\ProgramTest\Processing\jananid_1\Wiring\DRW-365115-0.dwg,Model,5/31/2019 11:33:24 AM,jananid,DWG To PDF.pc3,ANSI expand A (8.50 x 11.00 Inches),1:6.06353,
F:\ProgramTest\Processing\jananid_1\Wiring\DRW-365116-0.dwg,Model,5/31/2019 11:33:28 AM,jananid,DWG To PDF.pc3,ANSI full bleed E (34.00 x 44.00 Inches),1:1.00225,
F:\ProgramTest\Processing\jananid_1\Wiring\DRW-365122-0.dwg,Model,5/31/2019 11:33:33 AM,jananid,DWG To PDF.pc3,ANSI full bleed D (34.00 x 22.00 Inches),1:1.00295,
F:\ProgramTest\Processing\jananid_1\Wiring\DRW-365350-0.dwg,Layout1,5/31/2019 11:33:38 AM,jananid,DWG To PDF.pc3,ANSI full bleed E (34.00 x 44.00 Inches),1:1.00189,
F:\ProgramTest\Processing\jananid_1\Wiring\DRW-IC-213818-0.dwg,Model,5/31/2019 11:33:43 AM,jananid,DWG To PDF.pc3,ANSI full bleed E (34.00 x 44.00 Inches),1:1.00397,
F:\ProgramTest\Processing\jananid_1\Wiring\DRW-IC-213819-0.dwg,Model,5/31/2019 11:33:48 AM,jananid,DWG To PDF.pc3,ISO full bleed B1 (1000.00 x 707.00 MM),1:0.0482032,
F:\ProgramTest\Processing\jananid_1\Wiring\DRW-IC-213835-0.dwg,Model,5/31/2019 11:33:53 AM,jananid,DWG To PDF.pc3,ANSI full bleed E (34.00 x 44.00 Inches),1:1.00211,
F:\ProgramTest\Processing\jananid_1\Wiring\DRW-IC-262237-0.dwg,Model,5/31/2019 11:33:57 AM,jananid,DWG To PDF.pc3,ANSI expand D (22.00 x 34.00 Inches),1:1.0257,
F:\ProgramTest\Processing\jananid_1\Wiring\DRW-IC-262238-0.dwg,Model,5/31/2019 11:34:01 AM,jananid,DWG To PDF.pc3,ANSI expand A (8.50 x 11.00 Inches),1:3.92341,
F:\ProgramTest\Processing\jananid_1\Wiring\DRW-IC-262252-0.dwg,Model,5/31/2019 11:34:04 AM,jananid,DWG To PDF.pc3,ANSI expand A (8.50 x 11.00 Inches),1:3.92317,
F:\ProgramTest\Processing\jananid_1\Wiring\DRW-IC-364797-0.dwg,Model,5/31/2019 11:34:08 AM,jananid,DWG To PDF.pc3,ANSI full bleed E (34.00 x 44.00 Inches),1:1.00226,
F:\ProgramTest\Processing\jananid_1\Wiring\DRW-IC-365116-0.dwg,Model,5/31/2019 11:34:13 AM,jananid,DWG To PDF.pc3,ANSI full bleed E (34.00 x 44.00 Inches),1:1.00224,
F:\ProgramTest\Processing\jananid_1\Wiring\DRW-IC-365122-0.dwg,Layout1,5/31/2019 11:34:17 AM,jananid,DWG To PDF.pc3,ANSI expand D (22.00 x 34.00 Inches),1:1.02575,
F:\ProgramTest\Processing\jananid_1\Wiring\DRW-IC-365350-0.dwg,Layout1,5/31/2019 11:34:22 AM,jananid,DWG To PDF.pc3,ISO full bleed B0 (1414.00 x 1000.00 MM),1:0.0340556,
F:\ProgramTest\Processing\jananid_1\Wiring\DRW-IC160035-0.dwg,Model,5/31/2019 11:34:28 AM,jananid,DWG To PDF.pc3,ARCH full bleed E (36.00 x 48.00 Inches),1:0.946159,
F:\ProgramTest\Processing\jananid_1\Wiring\DRW-IC350018-0.dwg,Model,5/31/2019 11:34:35 AM,jananid,DWG To PDF.pc3,ANSI full bleed D (22.00 x 34.00 Inches),1:1.00288,
F:\ProgramTest\Processing\jananid_1\Wiring\DRW-IC364795-0.dwg,Model,5/31/2019 11:34:42 AM,jananid,DWG To PDF.pc3,ANSI full bleed E (34.00 x 44.00 Inches),1:1.0022,
F:\ProgramTest\Processing\jananid_1\Wiring\DRW-IC365114-0.dwg,Model,5/31/2019 11:34:46 AM,jananid,DWG To PDF.pc3,ANSI full bleed E (34.00 x 44.00 Inches),1:1.00243,
F:\ProgramTest\Processing\jananid_1\Wiring\IC-213829.dwg,Model,5/31/2019 11:34:51 AM,jananid,DWG To PDF.pc3,ARCH full bleed D (24.00 x 36.00 Inches),1:1.42041,
F:\ProgramTest\Processing\jananid_1\Wiring\IC-213836.dwg,Model,5/31/2019 11:34:55 AM,jananid,DWG To PDF.pc3,ISO full bleed B1 (1000.00 x 707.00 MM),1:0.0482002,
F:\ProgramTest\Processing\jananid_1\Wiring\IC-241083.dwg,Model,5/31/2019 11:34:59 AM,jananid,DWG To PDF.pc3,ANSI expand D (34.00 x 22.00 Inches),1:1.04023,
F:\ProgramTest\Processing\jananid_1\Wiring\IC-258059.dwg,Layout1,5/31/2019 11:35:04 AM,jananid,DWG To PDF.pc3,ANSI full bleed E (34.00 x 44.00 Inches),1:1.00193,
F:\ProgramTest\Processing\jananid_1\Wiring\IC-349064.dwg,Model,5/31/2019 11:35:09 AM,jananid,DWG To PDF.pc3,ANSI full bleed E (34.00 x 44.00 Inches),1:1.00193,
F:\ProgramTest\Processing\jananid_1\Wiring\IC-365115.dwg,Model,5/31/2019 11:35:15 AM,jananid,DWG To PDF.pc3,ANSI expand A (8.50 x 11.00 Inches),1:6.06353,
F:\ProgramTest\Processing\jananid_1\Wiring\VND-2005MB2304-3.dwg,Model,5/31/2019 11:35:19 AM,jananid,DWG To PDF.pc3,ARCH full bleed D (36.00 x 24.00 Inches),1:0.953287,
F:\ProgramTest\Processing\jananid_1\Wiring\VND-2008MB0009-0.dwg,Layout1,5/31/2019 11:35:23 AM,jananid,DWG To PDF.pc3,ANSI full bleed D (34.00 x 22.00 Inches),1:1.00293,
F:\ProgramTest\Processing\jananid_1\Wiring\VND-2008MB0010-0.dwg,Layout1,5/31/2019 11:35:27 AM,jananid,DWG To PDF.pc3,ARCH D (36.00 x 24.00 Inches),1:0.973596,
F:\ProgramTest\Processing\jananid_1\Wiring\VND-2008MB0229-0.dwg,Layout1,5/31/2019 11:35:31 AM,jananid,DWG To PDF.pc3,ANSI expand D (22.00 x 34.00 Inches),1:1.02573,
F:\ProgramTest\Processing\jananid_1\Wiring\VND-2008MB0230-0.dwg,Layout1,5/31/2019 11:35:35 AM,jananid,DWG To PDF.pc3,ANSI expand D (22.00 x 34.00 Inches),1:1.02566,
F:\ProgramTest\Processing\jananid_1\Wiring\VND-IC-2005MB2304-3.dwg,Model,5/31/2019 11:35:39 AM,jananid,DWG To PDF.pc3,ARCH full bleed D (36.00 x 24.00 Inches),1:0.953258,
F:\ProgramTest\Processing\jananid_1\513452-1 port.dwg,Layout,6/7/2019 2:25:24 PM,jananid,DWG To PDF.pc3,ANSI expand E (34.00 x 44.00 Inches),1:1.31179,
F:\ProgramTest\Processing\jananid_1\513452-1.dwg,Layout,6/7/2019 2:25:31 PM,jananid,DWG To PDF.pc3,ANSI expand E (34.00 x 44.00 Inches),1:1.01979,
F:\ProgramTest\Processing\jananid_1\600242.dwg,Layout1,6/7/2019 2:25:37 PM,jananid,DWG To PDF.pc3,ANSI expand A (8.50 x 11.00 Inches),1:1,
F:\ProgramTest\Processing\jananid_1\Simon_DRW-213645-0.dwg,Model,6/7/2019 2:25:41 PM,jananid,DWG To PDF.pc3,ANSI full bleed E (34.00 x 44.00 Inches),1:1.0019,
F:\ProgramTest\Processing\jananid_1\513452-1 port.dwg,Layout,6/12/2019 10:16:25 AM,jananid,DWG To PDF.pc3,ANSI expand E (34.00 x 44.00 Inches),1:1.31179,
F:\ProgramTest\Processing\jananid_2\513452-1 port.dwg,Layout,6/12/2019 10:16:58 AM,jananid,DWG To PDF.pc3,ANSI expand E (34.00 x 44.00 Inches),1:1.31179,
F:\ProgramTest\Processing\jananid_1\513452-1 port.dwg,Layout,6/12/2019 10:27:27 AM,jananid,DWG To PDF.pc3,ANSI expand E (34.00 x 44.00 Inches),1:1.31179,
F:\ProgramTest\Processing\jananid_1\513452-1 port.dwg,Layout,6/12/2019 10:32:24 AM,jananid,DWG To PDF.pc3,ANSI expand E (34.00 x 44.00 Inches),1:1.31179,
F:\ProgramTest\Processing\jananid_1\513452-1 port.dwg,Layout,6/12/2019 11:06:44 AM,jananid,DWG To PDF.pc3,ANSI expand E (34.00 x 44.00 Inches),1:1.31179,
F:\ProgramTest\Processing\jananid_2\513452-1 port.dwg,Layout,6/12/2019 11:11:50 AM,jananid,DWG To PDF.pc3,ANSI expand E (34.00 x 44.00 Inches),1:1.31179,
